::1 - - [07/Jul/2022:03:11:54 +0000] "GET / HTTP/1.1" 200 2 "-" "Mozilla/5.0 (Windows NT 10.0; Win64; x64) AppleWebKit/537.36 (KHTML, like Gecko) Chrome/103.0.5060.114 Safari/537.36"
::1 - - [07/Jul/2022:03:11:54 +0000] "GET /favicon.ico HTTP/1.1" 404 150 "http://localhost:3008/" "Mozilla/5.0 (Windows NT 10.0; Win64; x64) AppleWebKit/537.36 (KHTML, like Gecko) Chrome/103.0.5060.114 Safari/537.36"
::1 - - [07/Jul/2022:03:14:45 +0000] "GET / HTTP/1.1" 304 - "-" "Mozilla/5.0 (Windows NT 10.0; Win64; x64) AppleWebKit/537.36 (KHTML, like Gecko) Chrome/103.0.5060.114 Safari/537.36"
::1 - - [07/Jul/2022:03:15:20 +0000] "GET / HTTP/1.1" 200 2 "-" "PostmanRuntime/7.29.0"
::1 - - [07/Jul/2022:03:52:54 +0000] "GET / HTTP/1.1" 200 2 "-" "PostmanRuntime/7.29.0"
::1 - - [07/Jul/2022:04:07:58 +0000] "POST /product HTTP/1.1" 500 461 "-" "PostmanRuntime/7.29.0"
::1 - - [07/Jul/2022:04:12:31 +0000] "POST /product HTTP/1.1" 500 324 "-" "PostmanRuntime/7.29.0"
::1 - - [07/Jul/2022:04:14:16 +0000] "POST /product HTTP/1.1" 200 286 "-" "PostmanRuntime/7.29.0"
::1 - - [07/Jul/2022:04:15:32 +0000] "POST /product HTTP/1.1" 200 293 "-" "PostmanRuntime/7.29.0"
::1 - - [07/Jul/2022:04:16:11 +0000] "POST /product HTTP/1.1" 200 289 "-" "PostmanRuntime/7.29.0"
::1 - - [07/Jul/2022:04:16:28 +0000] "POST /product HTTP/1.1" 200 290 "-" "PostmanRuntime/7.29.0"
::1 - - [07/Jul/2022:04:24:12 +0000] "GET /product HTTP/1.1" 200 1042 "-" "PostmanRuntime/7.29.0"
::1 - - [07/Jul/2022:04:25:29 +0000] "GET /product HTTP/1.1" 200 698 "-" "PostmanRuntime/7.29.0"
::1 - - [07/Jul/2022:04:25:38 +0000] "GET /product?page=1 HTTP/1.1" 200 700 "-" "PostmanRuntime/7.29.0"
::1 - - [07/Jul/2022:04:25:42 +0000] "GET /product?page=1&size=1 HTTP/1.1" 200 240 "-" "PostmanRuntime/7.29.0"
::1 - - [07/Jul/2022:04:25:58 +0000] "GET /product?page=1&size=1 HTTP/1.1" 200 236 "-" "PostmanRuntime/7.29.0"
::1 - - [07/Jul/2022:04:29:08 +0000] "POST /product HTTP/1.1" 500 1137 "-" "PostmanRuntime/7.29.0"
::1 - - [07/Jul/2022:04:29:22 +0000] "POST /product HTTP/1.1" 200 311 "-" "PostmanRuntime/7.29.0"
::1 - - [07/Jul/2022:04:29:41 +0000] "POST /product HTTP/1.1" 200 314 "-" "PostmanRuntime/7.29.0"
::1 - - [07/Jul/2022:04:29:54 +0000] "GET /product?page=1&size=1 HTTP/1.1" 200 261 "-" "PostmanRuntime/7.29.0"
::1 - - [07/Jul/2022:04:32:44 +0000] "GET /product?page=1&size=1 HTTP/1.1" 200 240 "-" "PostmanRuntime/7.29.0"
::1 - - [07/Jul/2022:04:37:50 +0000] "GET /product/recommendation?page=1&size=1 HTTP/1.1" 200 240 "-" "PostmanRuntime/7.29.0"
::1 - - [07/Jul/2022:04:38:12 +0000] "POST /product HTTP/1.1" 500 1142 "-" "PostmanRuntime/7.29.0"
::1 - - [07/Jul/2022:04:38:16 +0000] "GET /product?page=1&size=1 HTTP/1.1" 404 146 "-" "PostmanRuntime/7.29.0"
::1 - - [07/Jul/2022:04:38:23 +0000] "GET /produc/allt?page=1&size=1 HTTP/1.1" 404 150 "-" "PostmanRuntime/7.29.0"
::1 - - [07/Jul/2022:04:38:26 +0000] "GET /produc/all?page=1&size=1 HTTP/1.1" 404 149 "-" "PostmanRuntime/7.29.0"
::1 - - [07/Jul/2022:04:38:27 +0000] "GET /produc/all?page=1&size=1 HTTP/1.1" 404 149 "-" "PostmanRuntime/7.29.0"
::1 - - [07/Jul/2022:04:38:31 +0000] "GET /product/all?page=1&size=1 HTTP/1.1" 200 240 "-" "PostmanRuntime/7.29.0"
::1 - - [07/Jul/2022:04:38:39 +0000] "GET /product/recommendation?page=1&size=1 HTTP/1.1" 200 240 "-" "PostmanRuntime/7.29.0"
::1 - - [07/Jul/2022:04:38:56 +0000] "POST /product HTTP/1.1" 200 274 "-" "PostmanRuntime/7.29.0"
::1 - - [07/Jul/2022:04:38:57 +0000] "GET /product/all?page=1&size=1 HTTP/1.1" 200 240 "-" "PostmanRuntime/7.29.0"
::1 - - [07/Jul/2022:04:38:59 +0000] "GET /product/all?page=1&size=1 HTTP/1.1" 200 240 "-" "PostmanRuntime/7.29.0"
::1 - - [07/Jul/2022:04:39:00 +0000] "GET /product/recommendation?page=1&size=1 HTTP/1.1" 200 240 "-" "PostmanRuntime/7.29.0"
::1 - - [07/Jul/2022:04:39:01 +0000] "GET /product/recommendation?page=1&size=1 HTTP/1.1" 200 240 "-" "PostmanRuntime/7.29.0"
::1 - - [07/Jul/2022:04:39:42 +0000] "GET /product/all?page=1&size=1 HTTP/1.1" 200 240 "-" "PostmanRuntime/7.29.0"
::1 - - [07/Jul/2022:04:39:47 +0000] "GET /product/all?page=1&size=10 HTTP/1.1" 200 534 "-" "PostmanRuntime/7.29.0"
::1 - - [07/Jul/2022:04:39:58 +0000] "GET /product/recommendation?page=1&size=1 HTTP/1.1" 200 240 "-" "PostmanRuntime/7.29.0"
::1 - - [07/Jul/2022:04:40:04 +0000] "GET /product/recommendation?page=1&size=10 HTTP/1.1" 200 534 "-" "PostmanRuntime/7.29.0"
::1 - - [07/Jul/2022:04:40:42 +0000] "POST /product HTTP/1.1" 200 276 "-" "PostmanRuntime/7.29.0"
::1 - - [07/Jul/2022:04:41:00 +0000] "POST /product HTTP/1.1" 200 272 "-" "PostmanRuntime/7.29.0"
::1 - - [07/Jul/2022:04:41:09 +0000] "GET /product/recommendation?page=1&size=10 HTTP/1.1" 200 808 "-" "PostmanRuntime/7.29.0"
::1 - - [07/Jul/2022:04:42:11 +0000] "POST /product HTTP/1.1" 200 286 "-" "PostmanRuntime/7.29.0"
::1 - - [07/Jul/2022:04:42:19 +0000] "GET /product/recommendation?page=1&size=10 HTTP/1.1" 200 957 "-" "PostmanRuntime/7.29.0"
::1 - - [07/Jul/2022:04:43:32 +0000] "POST /product HTTP/1.1" 200 294 "-" "PostmanRuntime/7.29.0"
::1 - - [07/Jul/2022:04:43:38 +0000] "GET /product/recommendation?page=1&size=10 HTTP/1.1" 200 1092 "-" "PostmanRuntime/7.29.0"
::1 - - [07/Jul/2022:04:43:59 +0000] "GET /product/recommendation?page=1&size=10 HTTP/1.1" 200 223 "-" "PostmanRuntime/7.29.0"
::1 - - [07/Jul/2022:05:01:38 +0000] "POST /campaign HTTP/1.1" 200 423 "-" "PostmanRuntime/7.29.0"
::1 - - [07/Jul/2022:05:01:57 +0000] "GET /campaign HTTP/1.1" 404 147 "-" "PostmanRuntime/7.29.0"
::1 - - [07/Jul/2022:05:02:16 +0000] "GET /campaign/all HTTP/1.1" 200 269 "-" "PostmanRuntime/7.29.0"
::1 - - [07/Jul/2022:05:03:21 +0000] "POST /campaign HTTP/1.1" 200 423 "-" "PostmanRuntime/7.29.0"
::1 - - [07/Jul/2022:05:04:18 +0000] "POST /campaign HTTP/1.1" 200 423 "-" "PostmanRuntime/7.29.0"
::1 - - [07/Jul/2022:05:05:12 +0000] "POST /campaign HTTP/1.1" 200 717 "-" "PostmanRuntime/7.29.0"
::1 - - [07/Jul/2022:05:05:16 +0000] "GET /campaign/all HTTP/1.1" 200 572 "-" "PostmanRuntime/7.29.0"
